14:28:04 30-09-2025 [background-preinit] INFO  o.h.validator.internal.util.Version - msg
14:28:04 30-09-2025 [main] INFO  c.s.spring_api.SpringApiApplication - msg
14:28:04 30-09-2025 [main] INFO  c.s.spring_api.SpringApiApplication - msg
14:28:06 30-09-2025 [main] INFO  o.s.d.r.c.RepositoryConfigurationDelegate - msg
14:28:06 30-09-2025 [main] INFO  o.s.d.r.c.RepositoryConfigurationDelegate - msg
14:28:08 30-09-2025 [main] INFO  o.s.b.w.e.tomcat.TomcatWebServer - msg
14:28:08 30-09-2025 [main] INFO  o.a.coyote.http11.Http11NioProtocol - msg
14:28:08 30-09-2025 [main] INFO  o.a.catalina.core.StandardService - msg
14:28:08 30-09-2025 [main] INFO  o.a.catalina.core.StandardEngine - msg
14:28:08 30-09-2025 [main] INFO  o.a.c.c.C.[Tomcat].[localhost].[/] - msg
14:28:08 30-09-2025 [main] INFO  o.s.b.w.s.c.ServletWebServerApplicationContext - msg
14:28:08 30-09-2025 [main] INFO  o.h.jpa.internal.util.LogHelper - msg
14:28:08 30-09-2025 [main] INFO  org.hibernate.Version - msg
14:28:08 30-09-2025 [main] INFO  o.h.c.i.RegionFactoryInitiator - msg
14:28:09 30-09-2025 [main] INFO  o.s.o.j.p.SpringPersistenceUnitInfo - msg
14:28:09 30-09-2025 [main] INFO  com.zaxxer.hikari.HikariDataSource - msg
14:28:09 30-09-2025 [main] INFO  com.zaxxer.hikari.pool.HikariPool - msg
14:28:09 30-09-2025 [main] INFO  com.zaxxer.hikari.HikariDataSource - msg
14:28:09 30-09-2025 [main] WARN  org.hibernate.orm.deprecation - msg
14:28:09 30-09-2025 [main] INFO  o.hibernate.orm.connections.pooling - msg
14:28:12 30-09-2025 [main] INFO  o.h.e.t.j.p.i.JtaPlatformInitiator - msg
14:28:12 30-09-2025 [main] INFO  o.s.o.j.LocalContainerEntityManagerFactoryBean - msg
14:28:12 30-09-2025 [main] WARN  o.s.b.a.o.j.JpaBaseConfiguration$JpaWebConfiguration - msg
14:28:13 30-09-2025 [main] INFO  o.a.coyote.http11.Http11NioProtocol - msg
14:28:13 30-09-2025 [main] INFO  o.s.b.w.e.tomcat.TomcatWebServer - msg
14:28:13 30-09-2025 [main] INFO  c.s.spring_api.SpringApiApplication - msg
14:28:59 30-09-2025 [SpringApplicationShutdownHook] INFO  o.s.b.w.e.tomcat.GracefulShutdown - msg
14:28:59 30-09-2025 [tomcat-shutdown] INFO  o.s.b.w.e.tomcat.GracefulShutdown - msg
14:28:59 30-09-2025 [SpringApplicationShutdownHook] INFO  o.s.o.j.LocalContainerEntityManagerFactoryBean - msg
14:28:59 30-09-2025 [SpringApplicationShutdownHook] INFO  com.zaxxer.hikari.HikariDataSource - msg
14:28:59 30-09-2025 [SpringApplicationShutdownHook] INFO  com.zaxxer.hikari.HikariDataSource - msg
57:37:14 30-09-2025 [background-preinit] INFO  o.h.validator.internal.util.Version - msg
57:37:14 30-09-2025 [main] INFO  c.s.spring_api.SpringApiApplication - msg
57:37:14 30-09-2025 [main] INFO  c.s.spring_api.SpringApiApplication - msg
59:37:14 30-09-2025 [main] INFO  o.s.d.r.c.RepositoryConfigurationDelegate - msg
59:37:14 30-09-2025 [main] INFO  o.s.d.r.c.RepositoryConfigurationDelegate - msg
00:38:14 30-09-2025 [main] INFO  o.s.b.w.e.tomcat.TomcatWebServer - msg
00:38:14 30-09-2025 [main] INFO  o.a.coyote.http11.Http11NioProtocol - msg
00:38:14 30-09-2025 [main] INFO  o.a.catalina.core.StandardService - msg
00:38:14 30-09-2025 [main] INFO  o.a.catalina.core.StandardEngine - msg
00:38:14 30-09-2025 [main] INFO  o.a.c.c.C.[Tomcat].[localhost].[/] - msg
00:38:14 30-09-2025 [main] INFO  o.s.b.w.s.c.ServletWebServerApplicationContext - msg
01:38:14 30-09-2025 [main] INFO  o.h.jpa.internal.util.LogHelper - msg
01:38:14 30-09-2025 [main] INFO  org.hibernate.Version - msg
01:38:14 30-09-2025 [main] INFO  o.h.c.i.RegionFactoryInitiator - msg
01:38:14 30-09-2025 [main] INFO  o.s.o.j.p.SpringPersistenceUnitInfo - msg
01:38:14 30-09-2025 [main] INFO  com.zaxxer.hikari.HikariDataSource - msg
02:38:14 30-09-2025 [main] INFO  com.zaxxer.hikari.pool.HikariPool - msg
02:38:14 30-09-2025 [main] INFO  com.zaxxer.hikari.HikariDataSource - msg
02:38:14 30-09-2025 [main] WARN  org.hibernate.orm.deprecation - msg
02:38:14 30-09-2025 [main] INFO  o.hibernate.orm.connections.pooling - msg
03:38:14 30-09-2025 [main] INFO  o.h.e.t.j.p.i.JtaPlatformInitiator - msg
04:38:14 30-09-2025 [main] INFO  o.s.o.j.LocalContainerEntityManagerFactoryBean - msg
04:38:14 30-09-2025 [main] WARN  o.s.b.a.o.j.JpaBaseConfiguration$JpaWebConfiguration - msg
05:38:14 30-09-2025 [main] INFO  o.a.coyote.http11.Http11NioProtocol - msg
05:38:14 30-09-2025 [main] INFO  o.s.b.w.e.tomcat.TomcatWebServer - msg
05:38:14 30-09-2025 [main] INFO  c.s.spring_api.SpringApiApplication - msg
03:39:14 30-09-2025 [SpringApplicationShutdownHook] INFO  o.s.b.w.e.tomcat.GracefulShutdown - msg
03:39:14 30-09-2025 [tomcat-shutdown] INFO  o.s.b.w.e.tomcat.GracefulShutdown - msg
03:39:14 30-09-2025 [SpringApplicationShutdownHook] INFO  o.s.o.j.LocalContainerEntityManagerFactoryBean - msg
03:39:14 30-09-2025 [SpringApplicationShutdownHook] INFO  com.zaxxer.hikari.HikariDataSource - msg
03:39:14 30-09-2025 [SpringApplicationShutdownHook] INFO  com.zaxxer.hikari.HikariDataSource - msg
06:39:14 30-09-2025 [background-preinit] INFO  o.h.validator.internal.util.Version - msg
06:39:14 30-09-2025 [main] INFO  c.s.spring_api.SpringApiApplication - msg
06:39:14 30-09-2025 [main] INFO  c.s.spring_api.SpringApiApplication - msg
08:39:14 30-09-2025 [main] INFO  o.s.d.r.c.RepositoryConfigurationDelegate - msg
08:39:14 30-09-2025 [main] INFO  o.s.d.r.c.RepositoryConfigurationDelegate - msg
09:39:14 30-09-2025 [main] INFO  o.s.b.w.e.tomcat.TomcatWebServer - msg
09:39:14 30-09-2025 [main] INFO  o.a.coyote.http11.Http11NioProtocol - msg
09:39:14 30-09-2025 [main] INFO  o.a.catalina.core.StandardService - msg
09:39:14 30-09-2025 [main] INFO  o.a.catalina.core.StandardEngine - msg
09:39:14 30-09-2025 [main] INFO  o.a.c.c.C.[Tomcat].[localhost].[/] - msg
09:39:14 30-09-2025 [main] INFO  o.s.b.w.s.c.ServletWebServerApplicationContext - msg
09:39:14 30-09-2025 [main] INFO  o.h.jpa.internal.util.LogHelper - msg
09:39:14 30-09-2025 [main] INFO  org.hibernate.Version - msg
10:39:14 30-09-2025 [main] INFO  o.h.c.i.RegionFactoryInitiator - msg
11:39:14 30-09-2025 [main] INFO  o.s.o.j.p.SpringPersistenceUnitInfo - msg
11:39:14 30-09-2025 [main] INFO  com.zaxxer.hikari.HikariDataSource - msg
11:39:14 30-09-2025 [main] INFO  com.zaxxer.hikari.pool.HikariPool - msg
11:39:14 30-09-2025 [main] INFO  com.zaxxer.hikari.HikariDataSource - msg
11:39:14 30-09-2025 [main] WARN  org.hibernate.orm.deprecation - msg
11:39:14 30-09-2025 [main] INFO  o.hibernate.orm.connections.pooling - msg
13:39:14 30-09-2025 [main] INFO  o.h.e.t.j.p.i.JtaPlatformInitiator - msg
13:39:14 30-09-2025 [main] INFO  o.s.o.j.LocalContainerEntityManagerFactoryBean - msg
13:39:14 30-09-2025 [main] WARN  o.s.b.a.o.j.JpaBaseConfiguration$JpaWebConfiguration - msg
14:39:14 30-09-2025 [main] INFO  o.a.coyote.http11.Http11NioProtocol - msg
14:39:14 30-09-2025 [main] INFO  o.s.b.w.e.tomcat.TomcatWebServer - msg
14:39:14 30-09-2025 [main] INFO  c.s.spring_api.SpringApiApplication - msg
27:39:14 30-09-2025 [http-nio-8080-exec-1] INFO  o.a.c.c.C.[Tomcat].[localhost].[/] - msg
27:39:14 30-09-2025 [http-nio-8080-exec-1] INFO  o.s.web.servlet.DispatcherServlet - msg
27:39:14 30-09-2025 [http-nio-8080-exec-1] INFO  o.s.web.servlet.DispatcherServlet - msg
48:39:14 30-09-2025 [SpringApplicationShutdownHook] INFO  o.s.b.w.e.tomcat.GracefulShutdown - msg
48:39:14 30-09-2025 [tomcat-shutdown] INFO  o.s.b.w.e.tomcat.GracefulShutdown - msg
48:39:14 30-09-2025 [SpringApplicationShutdownHook] INFO  o.s.o.j.LocalContainerEntityManagerFactoryBean - msg
48:39:14 30-09-2025 [SpringApplicationShutdownHook] INFO  com.zaxxer.hikari.HikariDataSource - msg
48:39:14 30-09-2025 [SpringApplicationShutdownHook] INFO  com.zaxxer.hikari.HikariDataSource - msg
